Build started 23/12/2012 6:40:07.
     1>Project "C:\Development\cocos2dx\cocos2d-2.0-x-2.0.4\samples\BrickCross\proj.win32\BrickCross.win32.vcxproj" on node 2 (build target(s)).
     1>InitializeBuildStatus:
         Creating "Debug.win32\BrickCross.win32.unsuccessfulbuild" because "AlwaysCreate" was specified.
       ClCompile:
         C:\Program Files (x86)\Microsoft Visual Studio 10.0\VC\bin\CL.exe /c /I. /I..\Classes\PhotoLib /I..\Classes /I"C:\Development\cocos2dx\cocos2d-2.0-x-2.0.4\cocos2dx" /I"C:\Development\cocos2dx\cocos2d-2.0-x-2.0.4\cocos2dx\include" /I"C:\Development\cocos2dx\cocos2d-2.0-x-2.0.4\cocos2dx\kazmath\include" /I"C:\Development\cocos2dx\cocos2d-2.0-x-2.0.4\cocos2dx\platform\win32" /I"C:\Development\cocos2dx\cocos2d-2.0-x-2.0.4\cocos2dx\platform\third_party\win32" /I"C:\Development\cocos2dx\cocos2d-2.0-x-2.0.4\cocos2dx\platform\third_party\win32\OGLES" /I"C:\Development\cocos2dx\cocos2d-2.0-x-2.0.4\CocosDenshion\include" /I"C:\Development\cocos2dx\cocos2d-2.0-x-2.0.4\Photon-Win32_v3-0-4-0_SDK\Photon-cpp\inc" /I"C:\Development\cocos2dx\cocos2d-2.0-x-2.0.4\Photon-Win32_v3-0-4-0_SDK\Photon-c\inc" /I"C:\Development\cocos2dx\cocos2d-2.0-x-2.0.4\Photon-Win32_v3-0-4-0_SDK\Common-cpp\inc" /I"C:\Development\cocos2dx\cocos2d-2.0-x-2.0.4\Photon-Win32_v3-0-4-0_SDK\Common-c\inc" /I"C:\Development\cocos2dx\cocos2d-2.0-x-2.0.4\Photon-Win32_v3-0-4-0_SDK\LoadBalancing-cpp\inc" /ZI /nologo /W3 /WX- /Od /Oy- /D WIN32 /D _WINDOWS /D STRICT /D _WINSOCK_ /D _CRT_SECURE_NO_WARNINGS /D _SCL_SECURE_NO_WARNINGS_DEBUG /D COCOS2D_DEBUG=1 /D _UNICODE /D UNICODE /Gm /EHsc /RTC1 /MDd /GS /fp:precise /Zc:wchar_t /Zc:forScope /Fo"Debug.win32\\" /Fd"Debug.win32\vc100.pdb" /Gd /TP /wd4267 /wd4251 /wd4244 /analyze- /errorReport:prompt ..\Classes\MultiPlayerBrickGameScene.cpp
         MultiPlayerBrickGameScene.cpp
     1>c:\development\cocos2dx\cocos2d-2.0-x-2.0.4\cocos2dx\particle_nodes\ccparticlesystemquad.h : warning C4819: The file contains a character that cannot be represented in the current code page (950). Save the file in Unicode format to prevent data loss
     1>c:\development\cocos2dx\cocos2d-2.0-x-2.0.4\cocos2dx\particle_nodes\ccparticlesystemquad.h : warning C4819: The file contains a character that cannot be represented in the current code page (950). Save the file in Unicode format to prevent data loss
     1>c:\development\cocos2dx\cocos2d-2.0-x-2.0.4\cocos2dx\platform\ccsaxparser.h : warning C4819: The file contains a character that cannot be represented in the current code page (950). Save the file in Unicode format to prevent data loss
     1>c:\development\cocos2dx\cocos2d-2.0-x-2.0.4\cocos2dx\platform\ccsaxparser.h : warning C4819: The file contains a character that cannot be represented in the current code page (950). Save the file in Unicode format to prevent data loss
     1>c:\development\cocos2dx\cocos2d-2.0-x-2.0.4\photon-win32_v3-0-4-0_sdk\common-c\inc\defines.h(202): warning C4005: '_WIN32_WINNT' : macro redefinition
                 c:\program files (x86)\microsoft sdks\windows\v7.0a\include\sdkddkver.h(197) : see previous definition of '_WIN32_WINNT'
     1>c:\development\cocos2dx\cocos2d-2.0-x-2.0.4\samples\brickcross\classes\multiplayerbrickgamescene.cpp(46): warning C4996: 'cocos2d::CCMenuItemToggle::itemWithTarget': was declared deprecated
                 c:\development\cocos2dx\cocos2d-2.0-x-2.0.4\cocos2dx\menu_nodes\ccmenuitem.h(401) : see declaration of 'cocos2d::CCMenuItemToggle::itemWithTarget'
     1>c:\development\cocos2dx\cocos2d-2.0-x-2.0.4\samples\brickcross\classes\multiplayerbrickgamescene.cpp(200): warning C4996: 'cocos2d::CCFadeIn::actionWithDuration': was declared deprecated
                 c:\development\cocos2dx\cocos2d-2.0-x-2.0.4\cocos2dx\actions\ccactioninterval.h(640) : see declaration of 'cocos2d::CCFadeIn::actionWithDuration'
     1>c:\development\cocos2dx\cocos2d-2.0-x-2.0.4\samples\brickcross\classes\multiplayerbrickgamescene.cpp(252): warning C4996: 'cocos2d::CCLabelTTF::labelWithString': was declared deprecated
                 c:\development\cocos2dx\cocos2d-2.0-x-2.0.4\cocos2dx\label_nodes\cclabelttf.h(67) : see declaration of 'cocos2d::CCLabelTTF::labelWithString'
     1>c:\development\cocos2dx\cocos2d-2.0-x-2.0.4\samples\brickcross\classes\multiplayerbrickgamescene.cpp(264): warning C4305: 'argument' : truncation from 'double' to 'float'
     1>c:\development\cocos2dx\cocos2d-2.0-x-2.0.4\samples\brickcross\classes\multiplayerbrickgamescene.cpp(265): warning C4996: 'cocos2d::CCEaseBounceOut::actionWithAction': was declared deprecated
                 c:\development\cocos2dx\cocos2d-2.0-x-2.0.4\cocos2dx\actions\ccactionease.h(450) : see declaration of 'cocos2d::CCEaseBounceOut::actionWithAction'
     1>c:\development\cocos2dx\cocos2d-2.0-x-2.0.4\samples\brickcross\classes\multiplayerbrickgamescene.cpp(265): warning C4996: 'cocos2d::CCMoveTo::actionWithDuration': was declared deprecated
                 c:\development\cocos2dx\cocos2d-2.0-x-2.0.4\cocos2dx\actions\ccactioninterval.h(352) : see declaration of 'cocos2d::CCMoveTo::actionWithDuration'
     1>c:\development\cocos2dx\cocos2d-2.0-x-2.0.4\samples\brickcross\classes\multiplayerbrickgamescene.cpp(267): warning C4305: 'argument' : truncation from 'double' to 'float'
     1>c:\development\cocos2dx\cocos2d-2.0-x-2.0.4\samples\brickcross\classes\multiplayerbrickgamescene.cpp(269): warning C4996: 'cocos2d::CCSequence::actions': was declared deprecated
                 c:\development\cocos2dx\cocos2d-2.0-x-2.0.4\cocos2dx\actions\ccactioninterval.h(118) : see declaration of 'cocos2d::CCSequence::actions'
     1>c:\development\cocos2dx\cocos2d-2.0-x-2.0.4\samples\brickcross\classes\multiplayerbrickgamescene.cpp(269): warning C4996: 'cocos2d::CCCallFuncN::actionWithTarget': was declared deprecated
                 c:\development\cocos2dx\cocos2d-2.0-x-2.0.4\cocos2dx\actions\ccactioninstant.h(301) : see declaration of 'cocos2d::CCCallFuncN::actionWithTarget'
     1>c:\development\cocos2dx\cocos2d-2.0-x-2.0.4\samples\brickcross\classes\multiplayerbrickgamescene.cpp(269): warning C4996: 'cocos2d::CCFadeOut::actionWithDuration': was declared deprecated
                 c:\development\cocos2dx\cocos2d-2.0-x-2.0.4\cocos2dx\actions\ccactioninterval.h(659) : see declaration of 'cocos2d::CCFadeOut::actionWithDuration'
     1>c:\development\cocos2dx\cocos2d-2.0-x-2.0.4\samples\brickcross\classes\multiplayerbrickgamescene.cpp(274): warning C4996: 'cocos2d::CCSequence::actions': was declared deprecated
                 c:\development\cocos2dx\cocos2d-2.0-x-2.0.4\cocos2dx\actions\ccactioninterval.h(118) : see declaration of 'cocos2d::CCSequence::actions'
     1>c:\development\cocos2dx\cocos2d-2.0-x-2.0.4\samples\brickcross\classes\multiplayerbrickgamescene.cpp(309): warning C4305: 'argument' : truncation from 'double' to 'float'
     1>c:\development\cocos2dx\cocos2d-2.0-x-2.0.4\samples\brickcross\classes\multiplayerbrickgamescene.cpp(405): warning C4018: '<' : signed/unsigned mismatch
     1>c:\development\cocos2dx\cocos2d-2.0-x-2.0.4\samples\brickcross\classes\multiplayerbrickgamescene.cpp(408): warning C4305: 'argument' : truncation from 'double' to 'float'
     1>c:\development\cocos2dx\cocos2d-2.0-x-2.0.4\samples\brickcross\classes\multiplayerbrickgamescene.cpp(408): warning C4996: 'cocos2d::CCMoveTo::actionWithDuration': was declared deprecated
                 c:\development\cocos2dx\cocos2d-2.0-x-2.0.4\cocos2dx\actions\ccactioninterval.h(352) : see declaration of 'cocos2d::CCMoveTo::actionWithDuration'
     1>c:\development\cocos2dx\cocos2d-2.0-x-2.0.4\samples\brickcross\classes\multiplayerbrickgamescene.cpp(427): warning C4305: 'argument' : truncation from 'double' to 'float'
     1>c:\development\cocos2dx\cocos2d-2.0-x-2.0.4\samples\brickcross\classes\multiplayerbrickgamescene.cpp(427): warning C4996: 'cocos2d::CCMoveTo::actionWithDuration': was declared deprecated
                 c:\development\cocos2dx\cocos2d-2.0-x-2.0.4\cocos2dx\actions\ccactioninterval.h(352) : see declaration of 'cocos2d::CCMoveTo::actionWithDuration'
     1>c:\development\cocos2dx\cocos2d-2.0-x-2.0.4\samples\brickcross\classes\multiplayerbrickgamescene.cpp(430): warning C4305: 'argument' : truncation from 'double' to 'float'
     1>c:\development\cocos2dx\cocos2d-2.0-x-2.0.4\samples\brickcross\classes\multiplayerbrickgamescene.cpp(430): warning C4996: 'cocos2d::CCFadeIn::actionWithDuration': was declared deprecated
                 c:\development\cocos2dx\cocos2d-2.0-x-2.0.4\cocos2dx\actions\ccactioninterval.h(640) : see declaration of 'cocos2d::CCFadeIn::actionWithDuration'
     1>c:\development\cocos2dx\cocos2d-2.0-x-2.0.4\samples\brickcross\classes\multiplayerbrickgamescene.cpp(432): warning C4305: 'argument' : truncation from 'double' to 'float'
     1>c:\development\cocos2dx\cocos2d-2.0-x-2.0.4\samples\brickcross\classes\multiplayerbrickgamescene.cpp(432): warning C4996: 'cocos2d::CCFadeIn::actionWithDuration': was declared deprecated
                 c:\development\cocos2dx\cocos2d-2.0-x-2.0.4\cocos2dx\actions\ccactioninterval.h(640) : see declaration of 'cocos2d::CCFadeIn::actionWithDuration'
     1>c:\development\cocos2dx\cocos2d-2.0-x-2.0.4\samples\brickcross\classes\multiplayerbrickgamescene.cpp(464): warning C4018: '<' : signed/unsigned mismatch
     1>c:\development\cocos2dx\cocos2d-2.0-x-2.0.4\samples\brickcross\classes\multiplayerbrickgamescene.cpp(482): warning C4996: 'cocos2d::CCTouch::locationInView': was declared deprecated
                 c:\development\cocos2dx\cocos2d-2.0-x-2.0.4\cocos2dx\touch_dispatcher\cctouch.h(60) : see declaration of 'cocos2d::CCTouch::locationInView'
     1>c:\development\cocos2dx\cocos2d-2.0-x-2.0.4\samples\brickcross\classes\multiplayerbrickgamescene.cpp(492): warning C4996: 'cocos2d::CCTouch::locationInView': was declared deprecated
                 c:\development\cocos2dx\cocos2d-2.0-x-2.0.4\cocos2dx\touch_dispatcher\cctouch.h(60) : see declaration of 'cocos2d::CCTouch::locationInView'
     1>c:\development\cocos2dx\cocos2d-2.0-x-2.0.4\samples\brickcross\classes\multiplayerbrickgamescene.cpp(510): warning C4996: 'cocos2d::CCTouch::locationInView': was declared deprecated
                 c:\development\cocos2dx\cocos2d-2.0-x-2.0.4\cocos2dx\touch_dispatcher\cctouch.h(60) : see declaration of 'cocos2d::CCTouch::locationInView'
     1>c:\development\cocos2dx\cocos2d-2.0-x-2.0.4\samples\brickcross\classes\multiplayerbrickgamescene.cpp(526): warning C4018: '>' : signed/unsigned mismatch
     1>c:\development\cocos2dx\cocos2d-2.0-x-2.0.4\samples\brickcross\classes\multiplayerbrickgamescene.cpp(541): warning C4018: '<' : signed/unsigned mismatch
     1>c:\development\cocos2dx\cocos2d-2.0-x-2.0.4\samples\brickcross\classes\multiplayerbrickgamescene.cpp(550): warning C4018: '<' : signed/unsigned mismatch
     1>c:\development\cocos2dx\cocos2d-2.0-x-2.0.4\samples\brickcross\classes\multiplayerbrickgamescene.cpp(554): warning C4996: 'cocos2d::CCFadeOut::actionWithDuration': was declared deprecated
                 c:\development\cocos2dx\cocos2d-2.0-x-2.0.4\cocos2dx\actions\ccactioninterval.h(659) : see declaration of 'cocos2d::CCFadeOut::actionWithDuration'
     1>c:\development\cocos2dx\cocos2d-2.0-x-2.0.4\samples\brickcross\classes\multiplayerbrickgamescene.cpp(557): warning C4996: 'cocos2d::CCFadeIn::actionWithDuration': was declared deprecated
                 c:\development\cocos2dx\cocos2d-2.0-x-2.0.4\cocos2dx\actions\ccactioninterval.h(640) : see declaration of 'cocos2d::CCFadeIn::actionWithDuration'
     1>c:\development\cocos2dx\cocos2d-2.0-x-2.0.4\samples\brickcross\classes\multiplayerbrickgamescene.cpp(582): warning C4305: 'argument' : truncation from 'double' to 'float'
     1>c:\development\cocos2dx\cocos2d-2.0-x-2.0.4\samples\brickcross\classes\multiplayerbrickgamescene.cpp(583): warning C4996: 'cocos2d::CCEaseBounceOut::actionWithAction': was declared deprecated
                 c:\development\cocos2dx\cocos2d-2.0-x-2.0.4\cocos2dx\actions\ccactionease.h(450) : see declaration of 'cocos2d::CCEaseBounceOut::actionWithAction'
     1>c:\development\cocos2dx\cocos2d-2.0-x-2.0.4\samples\brickcross\classes\multiplayerbrickgamescene.cpp(587): warning C4305: 'argument' : truncation from 'double' to 'float'
     1>c:\development\cocos2dx\cocos2d-2.0-x-2.0.4\samples\brickcross\classes\multiplayerbrickgamescene.cpp(589): warning C4996: 'cocos2d::CCSequence::actions': was declared deprecated
                 c:\development\cocos2dx\cocos2d-2.0-x-2.0.4\cocos2dx\actions\ccactioninterval.h(118) : see declaration of 'cocos2d::CCSequence::actions'
     1>c:\development\cocos2dx\cocos2d-2.0-x-2.0.4\samples\brickcross\classes\multiplayerbrickgamescene.cpp(692): warning C4018: '<' : signed/unsigned mismatch
     1>c:\development\cocos2dx\cocos2d-2.0-x-2.0.4\samples\brickcross\classes\multiplayerbrickgamescene.cpp(694): warning C4018: '<' : signed/unsigned mismatch
     1>c:\development\cocos2dx\cocos2d-2.0-x-2.0.4\samples\brickcross\classes\multiplayerbrickgamescene.cpp(706): warning C4305: 'argument' : truncation from 'double' to 'float'
     1>c:\development\cocos2dx\cocos2d-2.0-x-2.0.4\samples\brickcross\classes\multiplayerbrickgamescene.cpp(707): warning C4996: 'cocos2d::CCEaseBounceOut::actionWithAction': was declared deprecated
                 c:\development\cocos2dx\cocos2d-2.0-x-2.0.4\cocos2dx\actions\ccactionease.h(450) : see declaration of 'cocos2d::CCEaseBounceOut::actionWithAction'
     1>c:\development\cocos2dx\cocos2d-2.0-x-2.0.4\samples\brickcross\classes\multiplayerbrickgamescene.cpp(709): warning C4305: 'argument' : truncation from 'double' to 'float'
     1>c:\development\cocos2dx\cocos2d-2.0-x-2.0.4\samples\brickcross\classes\multiplayerbrickgamescene.cpp(711): warning C4996: 'cocos2d::CCSequence::actions': was declared deprecated
                 c:\development\cocos2dx\cocos2d-2.0-x-2.0.4\cocos2dx\actions\ccactioninterval.h(118) : see declaration of 'cocos2d::CCSequence::actions'
     1>c:\development\cocos2dx\cocos2d-2.0-x-2.0.4\samples\brickcross\classes\multiplayerbrickgamescene.cpp(713): warning C4018: '<' : signed/unsigned mismatch
     1>c:\development\cocos2dx\cocos2d-2.0-x-2.0.4\samples\brickcross\classes\multiplayerbrickgamescene.cpp(730): warning C4996: 'cocos2d::CCLabelTTF::labelWithString': was declared deprecated
                 c:\development\cocos2dx\cocos2d-2.0-x-2.0.4\cocos2dx\label_nodes\cclabelttf.h(67) : see declaration of 'cocos2d::CCLabelTTF::labelWithString'
     1>c:\development\cocos2dx\cocos2d-2.0-x-2.0.4\samples\brickcross\classes\multiplayerbrickgamescene.cpp(742): warning C4305: 'argument' : truncation from 'double' to 'float'
     1>c:\development\cocos2dx\cocos2d-2.0-x-2.0.4\samples\brickcross\classes\multiplayerbrickgamescene.cpp(743): warning C4996: 'cocos2d::CCEaseBounceOut::actionWithAction': was declared deprecated
                 c:\development\cocos2dx\cocos2d-2.0-x-2.0.4\cocos2dx\actions\ccactionease.h(450) : see declaration of 'cocos2d::CCEaseBounceOut::actionWithAction'
     1>c:\development\cocos2dx\cocos2d-2.0-x-2.0.4\samples\brickcross\classes\multiplayerbrickgamescene.cpp(745): warning C4305: 'argument' : truncation from 'double' to 'float'
     1>c:\development\cocos2dx\cocos2d-2.0-x-2.0.4\samples\brickcross\classes\multiplayerbrickgamescene.cpp(747): warning C4996: 'cocos2d::CCSequence::actions': was declared deprecated
                 c:\development\cocos2dx\cocos2d-2.0-x-2.0.4\cocos2dx\actions\ccactioninterval.h(118) : see declaration of 'cocos2d::CCSequence::actions'
     1>c:\development\cocos2dx\cocos2d-2.0-x-2.0.4\samples\brickcross\classes\multiplayerbrickgamescene.cpp(752): warning C4996: 'cocos2d::CCSequence::actions': was declared deprecated
                 c:\development\cocos2dx\cocos2d-2.0-x-2.0.4\cocos2dx\actions\ccactioninterval.h(118) : see declaration of 'cocos2d::CCSequence::actions'
     1>c:\development\cocos2dx\cocos2d-2.0-x-2.0.4\samples\brickcross\classes\multiplayerbrickgamescene.cpp(757): warning C4018: '<' : signed/unsigned mismatch
     1>c:\development\cocos2dx\cocos2d-2.0-x-2.0.4\samples\brickcross\classes\multiplayerbrickgamescene.cpp(779): warning C4018: '>' : signed/unsigned mismatch
       ResourceCompile:
         All outputs are up-to-date.
       ManifestResourceCompile:
         All outputs are up-to-date.
       Link:
         C:\Program Files (x86)\Microsoft Visual Studio 10.0\VC\bin\link.exe /ERRORREPORT:PROMPT /OUT:"C:\Development\cocos2dx\cocos2d-2.0-x-2.0.4\Debug.win32\BrickCross.win32.exe" /INCREMENTAL /NOLOGO /LIBPATH:"C:\Development\cocos2dx\cocos2d-2.0-x-2.0.4\Debug.win32\\" /LIBPATH:"C:\Development\cocos2dx\cocos2d-2.0-x-2.0.4\Photon-Win32_v3-0-4-0_SDK\Common-cpp\lib" /LIBPATH:"C:\Development\cocos2dx\cocos2d-2.0-x-2.0.4\Photon-Win32_v3-0-4-0_SDK\Photon-cpp\lib" /LIBPATH:"C:\Development\cocos2dx\cocos2d-2.0-x-2.0.4\Photon-Win32_v3-0-4-0_SDK\LoadBalancing-cpp\lib" libcocos2d.lib opengl32.lib glew32.lib libCocosDenshion.lib "Photon-cpp_Debug_win32.lib" "Common-cpp_Debug_win32.lib" "LoadBalancing-cpp_Debug_win32.lib" kernel32.lib user32.lib gdi32.lib winspool.lib comdlg32.lib advapi32.lib shell32.lib ole32.lib oleaut32.lib uuid.lib odbc32.lib odbccp32.lib /MANIFEST /ManifestFile:"Debug.win32\BrickCross.win32.exe.intermediate.manifest" /MANIFESTUAC:"level='asInvoker' uiAccess='false'" /DEBUG /PDB:"C:\Development\cocos2dx\cocos2d-2.0-x-2.0.4\Debug.win32\BrickCross.win32.pdb" /SUBSYSTEM:WINDOWS /TLBID:1 /DYNAMICBASE /NXCOMPAT /IMPLIB:"C:\Development\cocos2dx\cocos2d-2.0-x-2.0.4\Debug.win32\BrickCross.win32.lib" /MACHINE:X86 Debug.win32\BrickCross.res
         Debug.win32\BrickCross.win32.exe.embed.manifest.res
         Debug.win32\AppDelegate.obj
         Debug.win32\Brick.obj
         Debug.win32\BrickGameScene.obj
         Debug.win32\GameOverScene.obj
         Debug.win32\GameStartScene.obj
         Debug.win32\HelloWorldScene.obj
         Debug.win32\MultiPlayerBrickGameScene.obj
         Debug.win32\NetworkLogic.obj
         Debug.win32\Player.obj
         Debug.win32\TimeBar.obj
         Debug.win32\main.obj
       Manifest:
         C:\Program Files (x86)\Microsoft SDKs\Windows\v7.0A\bin\mt.exe /nologo /verbose /out:"Debug.win32\BrickCross.win32.exe.embed.manifest" /manifest Debug.win32\BrickCross.win32.exe.intermediate.manifest
         All outputs are up-to-date.
       LinkEmbedManifest:
         All outputs are up-to-date.
         BrickCross.win32.vcxproj -> C:\Development\cocos2dx\cocos2d-2.0-x-2.0.4\Debug.win32\BrickCross.win32.exe
       FinalizeBuildStatus:
         Deleting file "Debug.win32\BrickCross.win32.unsuccessfulbuild".
         Touching "Debug.win32\BrickCross.win32.lastbuildstate".
     1>Done Building Project "C:\Development\cocos2dx\cocos2d-2.0-x-2.0.4\samples\BrickCross\proj.win32\BrickCross.win32.vcxproj" (build target(s)).

Build succeeded.

Time Elapsed 00:00:05.54
